C51 COMPILER V9.51   MAIN                                                                  10/13/2022 16:27:52 PAGE 1   


C51 COMPILER V9.51, COMPILATION OF MODULE MAIN
OBJECT MODULE PLACED IN .\dist\main.obj
COMPILER INVOKED BY: C:\Keil\C51\BIN\C51.EXE src\main.c OMF2 BROWSE DEBUG PRINT(.\main.lst) TABS(2) OBJECT(.\dist\main.o
                    -bj)

line level    source

   1          #include <STC15F2K60S2.H>
   2          
   3          #include "bsp_global.h"
   4          #include "callback.h"
   5          #include "timer0.h"
   6          #include "seg_led.h"
   7          
   8          // debug
   9          unsigned char ledtest = 0x0f;
  10          unsigned char leftbit = 0;
  11          void waterled(){
  12   1          // 流水灯测试
  13   1          leftbit = (ledtest >> 7) & 1;
  14   1          ledtest <<= 1;
  15   1          ledtest |= leftbit;
  16   1          Led_Print(ledtest);
  17   1      }
  18          unsigned char hello[8] = {0x76, 0x79, 0x38, 0x38, 0x5c, 0, 0, 0};
  19          
  20          int main(){
  21   1          Seg_Led_Init();
  22   1          Timer0_Init();
  23   1          AllSeg_Print(hello);
  24   1          Led_Print(0);
  25   1      
  26   1          // CallbackFor100ms = waterled;
  27   1          SetEventCallback(enumEvent_100ms, waterled);
  28   1      
  29   1          while(1);
  30   1      }


MODULE INFORMATION:   STATIC OVERLAYABLE
   CODE SIZE        =     58    ----
   CONSTANT SIZE    =   ----    ----
   XDATA SIZE       =   ----    ----
   PDATA SIZE       =   ----    ----
   DATA SIZE        =     10    ----
   IDATA SIZE       =   ----    ----
   BIT SIZE         =   ----    ----
   EDATA SIZE       =   ----    ----
   HDATA SIZE       =   ----    ----
   XDATA CONST SIZE =   ----    ----
   FAR CONST SIZE   =   ----    ----
END OF MODULE INFORMATION.


C51 COMPILATION COMPLETE.  0 WARNING(S),  0 ERROR(S)
